2024-04-24 18:44:42,008 [ERROR] LogOutputStream:75 - [STDERR_REDIRECT] 
2024-04-24 18:45:56,344 [INFO] Activator:176 - 


2024-04-24 18:45:56,349 [INFO] Activator:177 - !SESSION log4j initialized
2024-04-24 18:46:06,237 [INFO] LogOutputStream:77 - [STDOUT_REDIRECT] 
2024-04-24 18:46:08,436 [INFO] ApplicationProperties:184 - Using Application install path: C:\ST\STM32CubeIDE_1.14.0\STM32CubeIDE\plugins\com.st.stm32cube.common.mx_6.10.0.202311202037
2024-04-24 18:46:08,476 [INFO] DbMcusXml:78 - Set database path to: C:\ST\STM32CubeIDE_1.14.0\STM32CubeIDE\plugins\com.st.stm32cube.common.mx_6.10.0.202311202037\\db\/mcu/
2024-04-24 18:46:08,477 [INFO] ApiDb:274 - Set plugin database path to: C:\ST\STM32CubeIDE_1.14.0\STM32CubeIDE\plugins\com.st.stm32cube.common.mx_6.10.0.202311202037\\db\/plugins/boardmanager/
2024-04-24 18:46:08,477 [WARN] ApiDb:259 - Overriding images path with different value:  => C:\ST\STM32CubeIDE_1.14.0\STM32CubeIDE\plugins\com.st.stm32cube.common.mx_6.10.0.202311202037\\db\/plugins/mcufinder/images/
2024-04-24 18:46:08,494 [INFO] ApiDb:250 - Set database path to: C:\Users\ABC\.stmcufinder\plugins\mcufinder//mcu/
2024-04-24 18:46:08,496 [INFO] DbMcusAds:125 - Set database path to: C:\Users\ABC\.stmcufinder\plugins\mcufinder//mcu/
2024-04-24 18:46:08,501 [INFO] CrossReferenceDbSqlite:203 - Set database path to: C:\Users\ABC\.stmcufinder\plugins\mcufinder//mcu/cs/
2024-04-24 18:46:08,790 [INFO] RulesReader:64 - Compatibility file has been processed (297 Rules)
2024-04-24 18:46:09,003 [INFO] DbMcusXml:78 - Set database path to: C:\ST\STM32CubeIDE_1.14.0\STM32CubeIDE\plugins\com.st.stm32cube.common.mx_6.10.0.202311202037\\db\/mcu/
2024-04-24 18:46:09,003 [INFO] ApiDb:274 - Set plugin database path to: C:\ST\STM32CubeIDE_1.14.0\STM32CubeIDE\plugins\com.st.stm32cube.common.mx_6.10.0.202311202037\\db\/plugins/boardmanager/
2024-04-24 18:46:09,004 [INFO] ApiDb:261 - Set plugin images path to: C:\ST\STM32CubeIDE_1.14.0\STM32CubeIDE\plugins\com.st.stm32cube.common.mx_6.10.0.202311202037\\db\/plugins/mcufinder/images/
2024-04-24 18:46:09,004 [WARN] DbFile:41 - Overriding database path with different value: C:\Users\ABC\.stmcufinder\plugins\mcufinder/ => C:\Users\ABC\.stmcufinder\plugins\mcufinder
2024-04-24 18:46:09,005 [INFO] ApiDb:250 - Set database path to: C:\Users\ABC\.stmcufinder\plugins\mcufinder//mcu/
2024-04-24 18:46:09,005 [WARN] DbFile:41 - Overriding database path with different value: C:\Users\ABC\.stmcufinder\plugins\mcufinder/ => C:\Users\ABC\.stmcufinder\plugins\mcufinder
2024-04-24 18:46:09,005 [INFO] DbMcusAds:125 - Set database path to: C:\Users\ABC\.stmcufinder\plugins\mcufinder//mcu/
2024-04-24 18:46:09,005 [WARN] DbFile:41 - Overriding database path with different value: C:\Users\ABC\.stmcufinder\plugins\mcufinder/ => C:\Users\ABC\.stmcufinder\plugins\mcufinder
2024-04-24 18:46:09,006 [WARN] DbFile:41 - Overriding database path with different value: C:\Users\ABC\.stmcufinder\plugins\mcufinder/ => C:\Users\ABC\.stmcufinder\plugins\mcufinder
2024-04-24 18:46:09,006 [INFO] CrossReferenceDbSqlite:203 - Set database path to: C:\Users\ABC\.stmcufinder\plugins\mcufinder//mcu/cs/
2024-04-24 18:46:09,410 [INFO] MainPanel:264 - HeapMemory: 268435456
2024-04-24 18:46:09,597 [INFO] DbMcusXml:78 - Set database path to: C:\ST\STM32CubeIDE_1.14.0\STM32CubeIDE\plugins\com.st.stm32cube.common.mx_6.10.0.202311202037\\db\/mcu/
2024-04-24 18:46:09,598 [INFO] ApiDb:274 - Set plugin database path to: C:\ST\STM32CubeIDE_1.14.0\STM32CubeIDE\plugins\com.st.stm32cube.common.mx_6.10.0.202311202037\\db\/plugins/boardmanager/
2024-04-24 18:46:09,598 [INFO] ApiDb:261 - Set plugin images path to: C:\ST\STM32CubeIDE_1.14.0\STM32CubeIDE\plugins\com.st.stm32cube.common.mx_6.10.0.202311202037\\db\/plugins/mcufinder/images/
2024-04-24 18:46:09,599 [WARN] DbFile:41 - Overriding database path with different value: C:\Users\ABC\.stmcufinder\plugins\mcufinder/ => C:\Users\ABC\.stmcufinder\plugins\mcufinder
2024-04-24 18:46:09,599 [INFO] ApiDb:250 - Set database path to: C:\Users\ABC\.stmcufinder\plugins\mcufinder//mcu/
2024-04-24 18:46:09,599 [WARN] DbFile:41 - Overriding database path with different value: C:\Users\ABC\.stmcufinder\plugins\mcufinder/ => C:\Users\ABC\.stmcufinder\plugins\mcufinder
2024-04-24 18:46:09,599 [INFO] DbMcusAds:125 - Set database path to: C:\Users\ABC\.stmcufinder\plugins\mcufinder//mcu/
2024-04-24 18:46:09,600 [WARN] DbFile:41 - Overriding database path with different value: C:\Users\ABC\.stmcufinder\plugins\mcufinder/ => C:\Users\ABC\.stmcufinder\plugins\mcufinder
2024-04-24 18:46:09,600 [WARN] DbFile:41 - Overriding database path with different value: C:\Users\ABC\.stmcufinder\plugins\mcufinder/ => C:\Users\ABC\.stmcufinder\plugins\mcufinder
2024-04-24 18:46:09,600 [INFO] CrossReferenceDbSqlite:203 - Set database path to: C:\Users\ABC\.stmcufinder\plugins\mcufinder//mcu/cs/
2024-04-24 18:46:09,638 [INFO] ApplicationProperties:184 - Using Application install path: C:\ST\STM32CubeIDE_1.14.0\STM32CubeIDE\plugins\com.st.stm32cube.common.mx_6.10.0.202311202037
2024-04-24 18:46:09,641 [INFO] PluginManage:196 - Search for loadable plugins [exclusion list=, ]
2024-04-24 18:46:09,644 [INFO] PluginManage:310 - Check plugin analytics
2024-04-24 18:46:10,021 [INFO] AnalyticsPlugin:253 - Accepted Software Licenses: 
2024-04-24 18:46:10,021 [INFO] AnalyticsPlugin:255 - Accepted CMSIS Pack Licenses: 
2024-04-24 18:46:10,022 [INFO] AnalyticsPlugin:257 - Accepted Firmware Licenses: FW.F4.1.28.0
2024-04-24 18:46:10,027 [INFO] PluginManage:359 - Loaded plugin analytics (category:tool,tabindex:-1)
2024-04-24 18:46:10,028 [INFO] PluginManage:310 - Check plugin cadmodel
2024-04-24 18:46:10,038 [INFO] CADModel:105 - Init CAD model plugin
2024-04-24 18:46:10,038 [INFO] PluginManage:359 - Loaded plugin cadmodel (category:power,tabindex:5)
2024-04-24 18:46:10,038 [INFO] PluginManage:310 - Check plugin clock
2024-04-24 18:46:10,200 [INFO] PluginManage:359 - Loaded plugin clock (category:base,tabindex:2)
2024-04-24 18:46:10,201 [INFO] PluginManage:310 - Check plugin ddr
2024-04-24 18:46:10,205 [INFO] PluginManage:359 - Loaded plugin ddr (category:tool,tabindex:6)
2024-04-24 18:46:10,205 [INFO] PluginManage:310 - Check plugin filemanager
2024-04-24 18:46:10,521 [INFO] PluginManage:359 - Loaded plugin filemanager (category:base,tabindex:10)
2024-04-24 18:46:10,521 [INFO] PluginManage:310 - Check plugin ipmanager
2024-04-24 18:46:10,536 [INFO] PluginManage:359 - Loaded plugin ipmanager (category:base,tabindex:5)
2024-04-24 18:46:10,536 [INFO] PluginManage:310 - Check plugin lpbam
2024-04-24 18:46:10,588 [INFO] PluginManage:359 - Loaded plugin lpbam (category:base,tabindex:0)
2024-04-24 18:46:10,588 [INFO] PluginManage:310 - Check plugin memorymap
2024-04-24 18:46:10,642 [INFO] PluginManage:359 - Loaded plugin memorymap (category:base,tabindex:4)
2024-04-24 18:46:10,642 [INFO] PluginManage:310 - Check plugin pinoutandconfiguration
2024-04-24 18:46:10,705 [INFO] PluginManage:359 - Loaded plugin pinoutandconfiguration (category:base,tabindex:1)
2024-04-24 18:46:10,705 [INFO] PluginManage:310 - Check plugin pinoutconfig
2024-04-24 18:46:10,929 [WARN] SupportedApi:132 - Cannot load RTOS API schema: s4s-elt-must-match.1: The content of 'definitions' must match (annotation?, (simpleType | complexType)?, (unique | key | keyref)*)). A problem was found starting at: attribute.
2024-04-24 18:46:11,307 [INFO] PluginManage:359 - Loaded plugin pinoutconfig (category:base,tabindex:0)
2024-04-24 18:46:11,308 [INFO] PluginManage:310 - Check plugin power
2024-04-24 18:46:11,350 [INFO] PluginManage:359 - Loaded plugin power (category:power,tabindex:4)
2024-04-24 18:46:11,350 [INFO] PluginManage:310 - Check plugin projectmanager
2024-04-24 18:46:11,386 [INFO] PluginManage:359 - Loaded plugin projectmanager (category:projectmanager,tabindex:3)
2024-04-24 18:46:11,386 [INFO] PluginManage:310 - Check plugin thirdparty
2024-04-24 18:46:11,702 [WARN] IntegrityCheckThread:84 - waiting for thirdparty lock release [integrity check]
2024-04-24 18:46:11,703 [INFO] PluginManage:359 - Loaded plugin thirdparty (category:base,tabindex:-1)
2024-04-24 18:46:11,704 [INFO] PluginManage:310 - Check plugin tools
2024-04-24 18:46:11,703 [INFO] IntegrityCheckThread:86 - entering critical section [integrity check]
2024-04-24 18:46:11,706 [INFO] ThirdPartyUpdaterWithRetryManager:70 - Updater plugin not ready yet. [1/15]
2024-04-24 18:46:11,713 [INFO] PluginManage:359 - Loaded plugin tools (category:base,tabindex:7)
2024-04-24 18:46:11,714 [INFO] PluginManage:310 - Check plugin tutovideos
2024-04-24 18:46:12,060 [INFO] PluginManage:359 - Loaded plugin tutovideos (category:base,tabindex:-1)
2024-04-24 18:46:12,060 [INFO] PluginManage:310 - Check plugin updater
2024-04-24 18:46:12,078 [INFO] PluginManage:359 - Loaded plugin updater (category:base,tabindex:12)
2024-04-24 18:46:12,078 [INFO] PluginManage:310 - Check plugin userauth
2024-04-24 18:46:12,086 [INFO] UserAuth:114 - Init User Auth plugin
2024-04-24 18:46:12,086 [INFO] PluginManage:359 - Loaded plugin userauth (category:base,tabindex:14)
2024-04-24 18:46:12,087 [INFO] PluginManage:283 - PluginManage : Loaded plugins [17]
2024-04-24 18:46:12,590 [INFO] PinOutPanel:1499 - setPackage(No Configuration,No Configuration)
2024-04-24 18:46:12,761 [INFO] CADModel:165 - CPN selected for project level
2024-04-24 18:46:12,761 [INFO] CADModel:114 - Register for checkConnection events
2024-04-24 18:46:12,803 [INFO] IPUIPlugin:80 - create IPUIPlugin
2024-04-24 18:46:12,803 [INFO] PluginManager:220 - loadIPPluginJar : add adc
2024-04-24 18:46:12,811 [INFO] IPUIPlugin:80 - create IPUIPlugin
2024-04-24 18:46:12,811 [INFO] PluginManager:220 - loadIPPluginJar : add aes
2024-04-24 18:46:12,822 [INFO] IPUIPlugin:80 - create IPUIPlugin
2024-04-24 18:46:12,823 [INFO] PluginManager:220 - loadIPPluginJar : add can
2024-04-24 18:46:12,829 [INFO] IPUIPlugin:80 - create IPUIPlugin
2024-04-24 18:46:12,829 [INFO] PluginManager:220 - loadIPPluginJar : add comp
2024-04-24 18:46:12,837 [INFO] IPUIPlugin:80 - create IPUIPlugin
2024-04-24 18:46:12,838 [INFO] PluginManager:220 - loadIPPluginJar : add cryp
2024-04-24 18:46:12,846 [INFO] IPUIPlugin:80 - create IPUIPlugin
2024-04-24 18:46:12,846 [INFO] PluginManager:220 - loadIPPluginJar : add dfsdm
2024-04-24 18:46:12,872 [INFO] IPUIPlugin:80 - create IPUIPlugin
2024-04-24 18:46:12,873 [INFO] PluginManager:220 - loadIPPluginJar : add dma
2024-04-24 18:46:12,889 [INFO] IPUIPlugin:80 - create IPUIPlugin
2024-04-24 18:46:12,889 [INFO] PluginManager:220 - loadIPPluginJar : add dma3
2024-04-24 18:46:12,895 [INFO] IPUIPlugin:80 - create IPUIPlugin
2024-04-24 18:46:12,895 [INFO] PluginManager:220 - loadIPPluginJar : add fatfs
2024-04-24 18:46:12,913 [INFO] IPUIPlugin:80 - create IPUIPlugin
2024-04-24 18:46:12,913 [INFO] PluginManager:220 - loadIPPluginJar : add fmc
2024-04-24 18:46:12,994 [INFO] IPUIPlugin:80 - create IPUIPlugin
2024-04-24 18:46:12,994 [INFO] PluginManager:220 - loadIPPluginJar : add freertos
2024-04-24 18:46:12,999 [INFO] IPUIPlugin:80 - create IPUIPlugin
2024-04-24 18:46:12,999 [INFO] PluginManager:220 - loadIPPluginJar : add genericplugin
2024-04-24 18:46:13,012 [INFO] IPUIPlugin:80 - create IPUIPlugin
2024-04-24 18:46:13,013 [INFO] PluginManager:220 - loadIPPluginJar : add gfxmmu
2024-04-24 18:46:13,029 [INFO] IPUIPlugin:80 - create IPUIPlugin
2024-04-24 18:46:13,029 [INFO] PluginManager:220 - loadIPPluginJar : add gic
2024-04-24 18:46:13,091 [INFO] IPUIPlugin:80 - create IPUIPlugin
2024-04-24 18:46:13,092 [INFO] PluginManager:220 - loadIPPluginJar : add gpio
2024-04-24 18:46:13,117 [INFO] IPUIPlugin:80 - create IPUIPlugin
2024-04-24 18:46:13,117 [INFO] PluginManager:220 - loadIPPluginJar : add gtzc
2024-04-24 18:46:13,127 [INFO] IPUIPlugin:80 - create IPUIPlugin
2024-04-24 18:46:13,127 [INFO] PluginManager:220 - loadIPPluginJar : add hash
2024-04-24 18:46:13,138 [INFO] IPUIPlugin:80 - create IPUIPlugin
2024-04-24 18:46:13,139 [INFO] PluginManager:220 - loadIPPluginJar : add i2c
2024-04-24 18:46:13,152 [INFO] IPUIPlugin:80 - create IPUIPlugin
2024-04-24 18:46:13,153 [INFO] PluginManager:220 - loadIPPluginJar : add i2s
2024-04-24 18:46:13,170 [INFO] IPUIPlugin:80 - create IPUIPlugin
2024-04-24 18:46:13,170 [INFO] PluginManager:220 - loadIPPluginJar : add i3c
2024-04-24 18:46:13,198 [INFO] IPUIPlugin:80 - create IPUIPlugin
2024-04-24 18:46:13,198 [INFO] PluginManager:220 - loadIPPluginJar : add ipddr
2024-04-24 18:46:13,233 [INFO] IPUIPlugin:80 - create IPUIPlugin
2024-04-24 18:46:13,233 [INFO] PluginManager:220 - loadIPPluginJar : add linkedlist
2024-04-24 18:46:13,244 [INFO] IPUIPlugin:80 - create IPUIPlugin
2024-04-24 18:46:13,244 [INFO] PluginManager:220 - loadIPPluginJar : add lorawan
2024-04-24 18:46:13,251 [INFO] IPUIPlugin:80 - create IPUIPlugin
2024-04-24 18:46:13,251 [INFO] PluginManager:220 - loadIPPluginJar : add ltdc
2024-04-24 18:46:13,293 [INFO] IPUIPlugin:80 - create IPUIPlugin
2024-04-24 18:46:13,294 [INFO] PluginManager:220 - loadIPPluginJar : add mdma
2024-04-24 18:46:13,320 [INFO] IPUIPlugin:80 - create IPUIPlugin
2024-04-24 18:46:13,320 [INFO] PluginManager:220 - loadIPPluginJar : add nvic
2024-04-24 18:46:13,331 [INFO] IPUIPlugin:80 - create IPUIPlugin
2024-04-24 18:46:13,331 [INFO] PluginManager:220 - loadIPPluginJar : add opamp
2024-04-24 18:46:13,346 [INFO] IPUIPlugin:80 - create IPUIPlugin
2024-04-24 18:46:13,347 [INFO] PluginManager:220 - loadIPPluginJar : add openamp
2024-04-24 18:46:13,359 [INFO] IPUIPlugin:80 - create IPUIPlugin
2024-04-24 18:46:13,359 [INFO] PluginManager:220 - loadIPPluginJar : add pdm2pcm
2024-04-24 18:46:13,393 [INFO] IPUIPlugin:80 - create IPUIPlugin
2024-04-24 18:46:13,400 [INFO] PluginManager:220 - loadIPPluginJar : add plateformsettings
2024-04-24 18:46:13,406 [INFO] IPUIPlugin:80 - create IPUIPlugin
2024-04-24 18:46:13,406 [INFO] PluginManager:220 - loadIPPluginJar : add quadspi
2024-04-24 18:46:13,498 [INFO] IPUIPlugin:80 - create IPUIPlugin
2024-04-24 18:46:13,498 [INFO] PluginManager:220 - loadIPPluginJar : add resmgrutility
2024-04-24 18:46:13,510 [INFO] IPUIPlugin:80 - create IPUIPlugin
2024-04-24 18:46:13,510 [INFO] PluginManager:220 - loadIPPluginJar : add sai
2024-04-24 18:46:13,518 [INFO] IPUIPlugin:80 - create IPUIPlugin
2024-04-24 18:46:13,518 [INFO] PluginManager:220 - loadIPPluginJar : add spi
2024-04-24 18:46:13,531 [INFO] IPUIPlugin:80 - create IPUIPlugin
2024-04-24 18:46:13,531 [INFO] PluginManager:220 - loadIPPluginJar : add stm32_wpan
2024-04-24 18:46:13,537 [INFO] IPUIPlugin:80 - create IPUIPlugin
2024-04-24 18:46:13,537 [INFO] PluginManager:220 - loadIPPluginJar : add tim
2024-04-24 18:46:13,547 [INFO] IPUIPlugin:80 - create IPUIPlugin
2024-04-24 18:46:13,547 [INFO] PluginManager:220 - loadIPPluginJar : add touchsensing
2024-04-24 18:46:13,552 [INFO] IPUIPlugin:80 - create IPUIPlugin
2024-04-24 18:46:13,553 [INFO] PluginManager:220 - loadIPPluginJar : add tracer_emb
2024-04-24 18:46:13,556 [INFO] IPUIPlugin:80 - create IPUIPlugin
2024-04-24 18:46:13,557 [INFO] PluginManager:220 - loadIPPluginJar : add ts
2024-04-24 18:46:13,563 [INFO] IPUIPlugin:80 - create IPUIPlugin
2024-04-24 18:46:13,563 [INFO] PluginManager:220 - loadIPPluginJar : add tsc
2024-04-24 18:46:13,567 [INFO] IPUIPlugin:80 - create IPUIPlugin
2024-04-24 18:46:13,568 [INFO] PluginManager:220 - loadIPPluginJar : add ucpd
2024-04-24 18:46:13,578 [INFO] IPUIPlugin:80 - create IPUIPlugin
2024-04-24 18:46:13,578 [INFO] PluginManager:220 - loadIPPluginJar : add usart
2024-04-24 18:46:13,586 [INFO] IPUIPlugin:80 - create IPUIPlugin
2024-04-24 18:46:13,587 [INFO] PluginManager:220 - loadIPPluginJar : add usbx
2024-04-24 18:46:13,765 [INFO] CADModel:165 - CPN selected for project level
2024-04-24 18:46:13,765 [INFO] CADModel:114 - Register for checkConnection events
2024-04-24 18:46:13,765 [FATAL] Updater:308 - Updater called before beeing initialized
2024-04-24 18:46:13,766 [ERROR] CADModel:125 - Updater not yet initialized, retry later 
2024-04-24 18:46:14,062 [INFO] CADModel:165 - CPN selected for project level
2024-04-24 18:46:14,062 [INFO] CADModel:114 - Register for checkConnection events
2024-04-24 18:46:14,063 [FATAL] Updater:308 - Updater called before beeing initialized
2024-04-24 18:46:14,063 [ERROR] CADModel:125 - Updater not yet initialized, retry later 
2024-04-24 18:46:14,070 [FATAL] Updater:308 - Updater called before beeing initialized
2024-04-24 18:46:14,290 [FATAL] Updater:308 - Updater called before beeing initialized
2024-04-24 18:46:14,299 [INFO] DbMcusAds:53 - JSON generation date=Wed Nov 29 16:22:27 IST 2023 (1701255147349)
2024-04-24 18:46:14,299 [FATAL] Updater:308 - Updater called before beeing initialized
2024-04-24 18:46:14,368 [WARN] DetailPanel:346 - Failed to get advertising image, set to default
2024-04-24 18:46:14,602 [FATAL] Updater:308 - Updater called before beeing initialized
2024-04-24 18:46:14,604 [FATAL] Updater:308 - Updater called before beeing initialized
2024-04-24 18:46:14,604 [FATAL] Updater:308 - Updater called before beeing initialized
2024-04-24 18:46:14,604 [WARN] DetailPanel:346 - Failed to get advertising image, set to default
2024-04-24 18:46:14,605 [FATAL] Updater:308 - Updater called before beeing initialized
2024-04-24 18:46:14,717 [ERROR] Updater:1120 - MainUpdater not yet initialized. External WinMGr cannot be set.
2024-04-24 18:46:14,719 [INFO] ThirdPartyUpdaterWithRetryManager:70 - Updater plugin not ready yet. [2/15]
2024-04-24 18:46:14,723 [INFO] Updater:1056 - Updater Version found : 6.10.0
2024-04-24 18:46:14,772 [INFO] ApplicationProperties:184 - Using Application install path: C:\ST\STM32CubeIDE_1.14.0\STM32CubeIDE\plugins\com.st.stm32cube.common.mx_6.10.0.202311202037
2024-04-24 18:46:16,394 [ERROR] LogOutputStream:75 - [STDERR_REDIRECT] Apr 24, 2024 6:46:16 PM java.util.prefs.WindowsPreferences <init>
2024-04-24 18:46:16,399 [ERROR] LogOutputStream:75 - [STDERR_REDIRECT] WARNING: Could not open/create prefs root node Software\JavaSoft\Prefs at root 0xffffffff80000002. Windows RegCreateKeyEx(...) returned error code 5.
2024-04-24 18:46:16,399 [ERROR] LogOutputStream:75 - [STDERR_REDIRECT] 
2024-04-24 18:46:16,950 [INFO] MainUpdater:2873 - connection check result : 10
2024-04-24 18:46:16,952 [INFO] MainUpdater:290 - Updater Check For Update Now.
2024-04-24 18:46:16,952 [INFO] MicroXplorer:498 - Change Database Version : DB.6.0.100
2024-04-24 18:46:16,969 [INFO] McuFinderGlobals:63 - Set McuFinder mode to 2 (CubeIDE integrated)
2024-04-24 18:46:17,369 [INFO] UserAuth:404 - Internet connection configuration mode: 1
2024-04-24 18:46:17,402 [INFO] JxBrowserEngine:152 - Initiate JxBrowser Engine with user profile folder
2024-04-24 18:46:17,413 [INFO] CheckServerUpdateThread:120 - End of CheckServer Thread
2024-04-24 18:46:18,164 [WARN] PackLoader:240 - Cannot read IP mode file for STMicroelectronics.FP-SNS-MOTENVWB1.1.4.0
2024-04-24 18:46:18,188 [WARN] PackLoader:240 - Cannot read IP mode file for STMicroelectronics.X-CUBE-SMBUS.2.1.0
2024-04-24 18:46:18,198 [WARN] PackLoader:240 - Cannot read IP mode file for STMicroelectronics.X-CUBE-TOUCHGFX.4.23.1
2024-04-24 18:46:18,205 [WARN] PackLoader:240 - Cannot read IP mode file for STMicroelectronics.X-CUBE-TOUCHGFX.4.23.2
2024-04-24 18:46:18,299 [WARN] PackLoader:240 - Cannot read IP mode file for STMicroelectronics.X-CUBE-AZRTOS-F7.1.1.0
2024-04-24 18:46:18,322 [WARN] PackLoader:240 - Cannot read IP mode file for STMicroelectronics.FP-SNS-FLIGHT1.5.0.2
2024-04-24 18:46:18,343 [WARN] PackLoader:240 - Cannot read IP mode file for STMicroelectronics.X-CUBE-DISPLAY.3.0.0
2024-04-24 18:46:18,375 [WARN] PackLoader:240 - Cannot read IP mode file for STMicroelectronics.X-CUBE-BLE1.7.0.0
2024-04-24 18:46:18,407 [WARN] PackLoader:240 - Cannot read IP mode file for emotas.I-CUBE-CANOPEN.1.3.0
2024-04-24 18:46:18,418 [WARN] PackLoader:240 - Cannot read IP mode file for STMicroelectronics.FP-SNS-SMARTAG2.1.2.0
2024-04-24 18:46:18,445 [INFO] LogOutputStream:77 - [STDOUT_REDIRECT] 1 : Invalid condition id : UX_CORESTACK_Condition cause : null
2024-04-24 18:46:18,446 [INFO] LogOutputStream:77 - [STDOUT_REDIRECT] 1 : Invalid condition id : UX_CORESTACK_Condition cause : null
2024-04-24 18:46:18,449 [INFO] LogOutputStream:77 - [STDOUT_REDIRECT] 1 : Invalid condition id : UX_CORESTACK_Condition cause : null
2024-04-24 18:46:18,452 [INFO] LogOutputStream:77 - [STDOUT_REDIRECT] 1 : Invalid condition id : UX_CORESTACK_Condition cause : null
2024-04-24 18:46:18,455 [INFO] LogOutputStream:77 - [STDOUT_REDIRECT] 1 : Invalid condition id : UX_CORESTACK_Condition cause : null
2024-04-24 18:46:18,464 [WARN] PackLoader:240 - Cannot read IP mode file for STMicroelectronics.X-CUBE-AZRTOS-WL.2.0.0
2024-04-24 18:46:18,486 [WARN] PackLoader:240 - Cannot read IP mode file for WES.I-CUBE-Cesium.1.3.0
2024-04-24 18:46:18,905 [WARN] PackLoader:240 - Cannot read IP mode file for STMicroelectronics.X-CUBE-BLE2.3.3.0
2024-04-24 18:46:18,920 [WARN] PackLoader:240 - Cannot read IP mode file for STMicroelectronics.X-CUBE-TCPP.4.1.0
2024-04-24 18:46:18,937 [WARN] PackLoader:240 - Cannot read IP mode file for STMicroelectronics.X-CUBE-ALGOBUILD.1.3.0
2024-04-24 18:46:18,973 [WARN] PackLoader:240 - Cannot read IP mode file for STMicroelectronics.X-CUBE-AZRTOS-G0.1.1.0
2024-04-24 18:46:18,991 [WARN] PackLoader:240 - Cannot read IP mode file for STMicroelectronics.X-CUBE-NFC4.3.0.0
2024-04-24 18:46:19,011 [WARN] PackLoader:240 - Cannot read IP mode file for wolfSSL.I-CUBE-wolfSSL.5.7.0
2024-04-24 18:46:19,020 [WARN] PackLoader:240 - Cannot read IP mode file for STMicroelectronics.FP-ATR-SIGFOX1.3.2.0
2024-04-24 18:46:19,032 [WARN] PackLoader:240 - Cannot read IP mode file for ITTIA_DB.I-CUBE-ITTIADB.8.9.0
2024-04-24 18:46:19,113 [WARN] PackLoader:240 - Cannot read IP mode file for SEGGER.I-CUBE-embOS.1.3.1
2024-04-24 18:46:19,262 [WARN] PackLoader:240 - Cannot read IP mode file for STMicroelectronics.X-CUBE-GNSS1.6.0.0
2024-04-24 18:46:19,305 [WARN] PackLoader:240 - Cannot read IP mode file for STMicroelectronics.X-CUBE-AZRTOS-F4.1.1.0
2024-04-24 18:46:19,364 [WARN] PackLoader:240 - Cannot read IP mode file for STMicroelectronics.X-CUBE-AZRTOS-L5.2.0.0
2024-04-24 18:46:19,379 [WARN] PackLoader:240 - Cannot read IP mode file for STMicroelectronics.X-CUBE-AI.9.0.0
2024-04-24 18:46:19,396 [WARN] PackLoader:240 - Cannot read IP mode file for STMicroelectronics.X-CUBE-NFC7.1.0.1
2024-04-24 18:46:19,408 [WARN] PackLoader:240 - Cannot read IP mode file for STMicroelectronics.X-CUBE-AI.8.1.0
2024-04-24 18:46:19,450 [WARN] ConditionMgr:438 - getConditionDescription Invalid condition id : LAN8742 Phy interface Condition cause : null
2024-04-24 18:46:19,451 [WARN] PackLoader:240 - Cannot read IP mode file for STMicroelectronics.X-CUBE-AZRTOS-L4.2.0.0
2024-04-24 18:46:19,454 [WARN] ConditionMgr:1039 - genDependencies : Invalid condition id : LAN8742 Phy interface Condition cause : null
2024-04-24 18:46:19,455 [WARN] ConditionMgr:1039 - genDependencies : Invalid condition id : LAN8742 Phy interface Condition cause : null
2024-04-24 18:46:19,486 [WARN] ConditionMgr:1039 - genDependencies : Invalid condition id : LAN8742 Phy interface Condition cause : null
2024-04-24 18:46:19,506 [WARN] PackLoader:240 - Cannot read IP mode file for STMicroelectronics.X-CUBE-SFXS2LP1.4.0.0
2024-04-24 18:46:19,542 [WARN] ConditionMgr:438 - getConditionDescription Invalid condition id : UX DEVICE CLASS RTOS Condition cause : null
2024-04-24 18:46:19,542 [WARN] ConditionMgr:438 - getConditionDescription Invalid condition id : UX DEVICE CLASS RTOS Condition cause : null
2024-04-24 18:46:19,548 [WARN] PackLoader:240 - Cannot read IP mode file for STMicroelectronics.X-CUBE-AZRTOS-WB.2.0.0
2024-04-24 18:46:19,550 [WARN] ConditionMgr:1039 - genDependencies : Invalid condition id : UX DEVICE CLASS RTOS Condition cause : null
2024-04-24 18:46:19,550 [WARN] ConditionMgr:1039 - genDependencies : Invalid condition id : UX DEVICE CLASS RTOS Condition cause : null
2024-04-24 18:46:19,551 [WARN] ConditionMgr:1039 - genDependencies : Invalid condition id : UX DEVICE CLASS RTOS Condition cause : null
2024-04-24 18:46:19,552 [WARN] ConditionMgr:1039 - genDependencies : Invalid condition id : UX DEVICE CLASS RTOS Condition cause : null
2024-04-24 18:46:19,552 [WARN] ConditionMgr:1039 - genDependencies : Invalid condition id : UX DEVICE CLASS RTOS Condition cause : null
2024-04-24 18:46:19,576 [WARN] PackLoader:240 - Cannot read IP mode file for STMicroelectronics.X-CUBE-SUBG2.5.0.0
2024-04-24 18:46:19,776 [WARN] PackLoader:240 - Cannot read IP mode file for STMicroelectronics.X-CUBE-AZRTOS-G4.2.0.0
2024-04-24 18:46:19,793 [WARN] PackLoader:240 - Cannot read IP mode file for STMicroelectronics.FP-SNS-MOTENVWB1.1.3.1
2024-04-24 18:46:19,917 [WARN] PackLoader:240 - Cannot read IP mode file for STMicroelectronics.X-CUBE-MEMS1.10.0.0
2024-04-24 18:46:20,380 [WARN] PackLoader:240 - Cannot read IP mode file for STMicroelectronics.X-CUBE-FREERTOS.1.1.0
2024-04-24 18:46:20,393 [WARN] PackLoader:240 - Cannot read IP mode file for portGmbH.I-Cube-SoM-uGOAL.1.1.0
2024-04-24 18:46:20,403 [WARN] PackLoader:240 - Cannot read IP mode file for STMicroelectronics.X-CUBE-ALS.1.0.1
2024-04-24 18:46:20,477 [WARN] PackLoader:240 - Cannot read IP mode file for STMicroelectronics.X-CUBE-AZRTOS-H7RS.1.0.0
2024-04-24 18:46:20,498 [WARN] PackLoader:240 - Cannot read IP mode file for STMicroelectronics.FP-ATR-ASTRA1.2.0.0
2024-04-24 18:46:20,532 [WARN] PackLoader:240 - Cannot read IP mode file for Infineon.AIROC-Wi-Fi-Bluetooth-STM32.1.6.0
2024-04-24 18:46:20,545 [INFO] ThirdParty:978 - Integrity check success = true
2024-04-24 18:46:20,545 [INFO] IntegrityCheckThread:100 - exiting critical section [integrity check]
2024-04-24 18:46:20,546 [INFO] IntegrityCheckThread:103 - End integrity checks thread
2024-04-24 18:46:21,221 [INFO] WebApp:161 - Instantiating new browser for Auth
2024-04-24 18:46:22,936 [INFO] WebApp:780 - Register for checkConnection events
2024-04-24 18:46:22,936 [INFO] WebApp:414 - Apply proxy settings
2024-04-24 18:46:22,936 [INFO] WebApp:499 - Chromium requires no authentication
2024-04-24 18:46:22,951 [INFO] WebApp:442 - Direct internet connection detected
2024-04-24 18:46:23,280 [INFO] WebApp:192 - Starting web application
2024-04-24 18:46:23,280 [INFO] WebApp:544 - Web application path used C:\ST\STM32CubeIDE_1.14.0\STM32CubeIDE\plugins\com.st.stm32cube.common.mx_6.10.0.202311202037\db\plugins\mcufinder\reactClient1\index.html
2024-04-24 18:46:45,483 [ERROR] LogOutputStream:75 - [STDERR_REDIRECT] SLF4J: Failed to load class "org.slf4j.impl.StaticLoggerBinder".
2024-04-24 18:46:45,487 [ERROR] LogOutputStream:75 - [STDERR_REDIRECT] SLF4J: Defaulting to no-operation (NOP) logger implementation
2024-04-24 18:46:45,498 [ERROR] LogOutputStream:75 - [STDERR_REDIRECT] SLF4J: See http://www.slf4j.org/codes.html#StaticLoggerBinder for further details.
