2024-04-26 12:00:40,772 [INFO] Activator:176 - 


2024-04-26 12:00:40,786 [INFO] Activator:177 - !SESSION log4j initialized
2024-04-26 12:00:52,398 [INFO] LogOutputStream:77 - [STDOUT_REDIRECT] 
2024-04-26 12:00:55,163 [INFO] ApplicationProperties:184 - Using Application install path: C:\ST\STM32CubeIDE_1.14.0\STM32CubeIDE\plugins\com.st.stm32cube.common.mx_6.10.0.202311202037
2024-04-26 12:00:55,198 [INFO] DbMcusXml:78 - Set database path to: C:\ST\STM32CubeIDE_1.14.0\STM32CubeIDE\plugins\com.st.stm32cube.common.mx_6.10.0.202311202037\\db\/mcu/
2024-04-26 12:00:55,198 [INFO] ApiDb:274 - Set plugin database path to: C:\ST\STM32CubeIDE_1.14.0\STM32CubeIDE\plugins\com.st.stm32cube.common.mx_6.10.0.202311202037\\db\/plugins/boardmanager/
2024-04-26 12:00:55,199 [WARN] ApiDb:259 - Overriding images path with different value:  => C:\ST\STM32CubeIDE_1.14.0\STM32CubeIDE\plugins\com.st.stm32cube.common.mx_6.10.0.202311202037\\db\/plugins/mcufinder/images/
2024-04-26 12:00:55,215 [INFO] ApiDb:250 - Set database path to: C:\Users\ABC\.stmcufinder\plugins\mcufinder//mcu/
2024-04-26 12:00:55,218 [INFO] DbMcusAds:125 - Set database path to: C:\Users\ABC\.stmcufinder\plugins\mcufinder//mcu/
2024-04-26 12:00:55,222 [INFO] CrossReferenceDbSqlite:203 - Set database path to: C:\Users\ABC\.stmcufinder\plugins\mcufinder//mcu/cs/
2024-04-26 12:00:55,519 [INFO] RulesReader:64 - Compatibility file has been processed (297 Rules)
2024-04-26 12:00:55,714 [INFO] DbMcusXml:78 - Set database path to: C:\ST\STM32CubeIDE_1.14.0\STM32CubeIDE\plugins\com.st.stm32cube.common.mx_6.10.0.202311202037\\db\/mcu/
2024-04-26 12:00:55,714 [INFO] ApiDb:274 - Set plugin database path to: C:\ST\STM32CubeIDE_1.14.0\STM32CubeIDE\plugins\com.st.stm32cube.common.mx_6.10.0.202311202037\\db\/plugins/boardmanager/
2024-04-26 12:00:55,714 [INFO] ApiDb:261 - Set plugin images path to: C:\ST\STM32CubeIDE_1.14.0\STM32CubeIDE\plugins\com.st.stm32cube.common.mx_6.10.0.202311202037\\db\/plugins/mcufinder/images/
2024-04-26 12:00:55,715 [WARN] DbFile:41 - Overriding database path with different value: C:\Users\ABC\.stmcufinder\plugins\mcufinder/ => C:\Users\ABC\.stmcufinder\plugins\mcufinder
2024-04-26 12:00:55,715 [INFO] ApiDb:250 - Set database path to: C:\Users\ABC\.stmcufinder\plugins\mcufinder//mcu/
2024-04-26 12:00:55,715 [WARN] DbFile:41 - Overriding database path with different value: C:\Users\ABC\.stmcufinder\plugins\mcufinder/ => C:\Users\ABC\.stmcufinder\plugins\mcufinder
2024-04-26 12:00:55,716 [INFO] DbMcusAds:125 - Set database path to: C:\Users\ABC\.stmcufinder\plugins\mcufinder//mcu/
2024-04-26 12:00:55,716 [WARN] DbFile:41 - Overriding database path with different value: C:\Users\ABC\.stmcufinder\plugins\mcufinder/ => C:\Users\ABC\.stmcufinder\plugins\mcufinder
2024-04-26 12:00:55,716 [WARN] DbFile:41 - Overriding database path with different value: C:\Users\ABC\.stmcufinder\plugins\mcufinder/ => C:\Users\ABC\.stmcufinder\plugins\mcufinder
2024-04-26 12:00:55,716 [INFO] CrossReferenceDbSqlite:203 - Set database path to: C:\Users\ABC\.stmcufinder\plugins\mcufinder//mcu/cs/
2024-04-26 12:00:56,136 [INFO] MainPanel:264 - HeapMemory: 268435456
2024-04-26 12:00:56,367 [INFO] DbMcusXml:78 - Set database path to: C:\ST\STM32CubeIDE_1.14.0\STM32CubeIDE\plugins\com.st.stm32cube.common.mx_6.10.0.202311202037\\db\/mcu/
2024-04-26 12:00:56,368 [INFO] ApiDb:274 - Set plugin database path to: C:\ST\STM32CubeIDE_1.14.0\STM32CubeIDE\plugins\com.st.stm32cube.common.mx_6.10.0.202311202037\\db\/plugins/boardmanager/
2024-04-26 12:00:56,368 [INFO] ApiDb:261 - Set plugin images path to: C:\ST\STM32CubeIDE_1.14.0\STM32CubeIDE\plugins\com.st.stm32cube.common.mx_6.10.0.202311202037\\db\/plugins/mcufinder/images/
2024-04-26 12:00:56,369 [WARN] DbFile:41 - Overriding database path with different value: C:\Users\ABC\.stmcufinder\plugins\mcufinder/ => C:\Users\ABC\.stmcufinder\plugins\mcufinder
2024-04-26 12:00:56,369 [INFO] ApiDb:250 - Set database path to: C:\Users\ABC\.stmcufinder\plugins\mcufinder//mcu/
2024-04-26 12:00:56,369 [WARN] DbFile:41 - Overriding database path with different value: C:\Users\ABC\.stmcufinder\plugins\mcufinder/ => C:\Users\ABC\.stmcufinder\plugins\mcufinder
2024-04-26 12:00:56,370 [INFO] DbMcusAds:125 - Set database path to: C:\Users\ABC\.stmcufinder\plugins\mcufinder//mcu/
2024-04-26 12:00:56,370 [WARN] DbFile:41 - Overriding database path with different value: C:\Users\ABC\.stmcufinder\plugins\mcufinder/ => C:\Users\ABC\.stmcufinder\plugins\mcufinder
2024-04-26 12:00:56,371 [WARN] DbFile:41 - Overriding database path with different value: C:\Users\ABC\.stmcufinder\plugins\mcufinder/ => C:\Users\ABC\.stmcufinder\plugins\mcufinder
2024-04-26 12:00:56,371 [INFO] CrossReferenceDbSqlite:203 - Set database path to: C:\Users\ABC\.stmcufinder\plugins\mcufinder//mcu/cs/
2024-04-26 12:00:56,420 [INFO] ApplicationProperties:184 - Using Application install path: C:\ST\STM32CubeIDE_1.14.0\STM32CubeIDE\plugins\com.st.stm32cube.common.mx_6.10.0.202311202037
2024-04-26 12:00:56,424 [INFO] PluginManage:196 - Search for loadable plugins [exclusion list=, ]
2024-04-26 12:00:56,427 [INFO] PluginManage:310 - Check plugin analytics
2024-04-26 12:00:57,074 [INFO] AnalyticsPlugin:253 - Accepted Software Licenses: 
2024-04-26 12:00:57,075 [INFO] AnalyticsPlugin:255 - Accepted CMSIS Pack Licenses: 
2024-04-26 12:00:57,075 [INFO] AnalyticsPlugin:257 - Accepted Firmware Licenses: FW.F4.1.28.0
2024-04-26 12:00:57,082 [INFO] PluginManage:359 - Loaded plugin analytics (category:tool,tabindex:-1)
2024-04-26 12:00:57,083 [INFO] PluginManage:310 - Check plugin cadmodel
2024-04-26 12:00:57,105 [INFO] CADModel:105 - Init CAD model plugin
2024-04-26 12:00:57,105 [INFO] PluginManage:359 - Loaded plugin cadmodel (category:power,tabindex:5)
2024-04-26 12:00:57,106 [INFO] PluginManage:310 - Check plugin clock
2024-04-26 12:00:57,260 [INFO] PluginManage:359 - Loaded plugin clock (category:base,tabindex:2)
2024-04-26 12:00:57,260 [INFO] PluginManage:310 - Check plugin ddr
2024-04-26 12:00:57,267 [INFO] PluginManage:359 - Loaded plugin ddr (category:tool,tabindex:6)
2024-04-26 12:00:57,267 [INFO] PluginManage:310 - Check plugin filemanager
2024-04-26 12:00:57,603 [INFO] PluginManage:359 - Loaded plugin filemanager (category:base,tabindex:10)
2024-04-26 12:00:57,603 [INFO] PluginManage:310 - Check plugin ipmanager
2024-04-26 12:00:57,627 [INFO] PluginManage:359 - Loaded plugin ipmanager (category:base,tabindex:5)
2024-04-26 12:00:57,628 [INFO] PluginManage:310 - Check plugin lpbam
2024-04-26 12:00:57,689 [INFO] PluginManage:359 - Loaded plugin lpbam (category:base,tabindex:0)
2024-04-26 12:00:57,689 [INFO] PluginManage:310 - Check plugin memorymap
2024-04-26 12:00:57,751 [INFO] PluginManage:359 - Loaded plugin memorymap (category:base,tabindex:4)
2024-04-26 12:00:57,751 [INFO] PluginManage:310 - Check plugin pinoutandconfiguration
2024-04-26 12:00:57,849 [INFO] PluginManage:359 - Loaded plugin pinoutandconfiguration (category:base,tabindex:1)
2024-04-26 12:00:57,850 [INFO] PluginManage:310 - Check plugin pinoutconfig
2024-04-26 12:00:58,132 [WARN] SupportedApi:132 - Cannot load RTOS API schema: s4s-elt-must-match.1: The content of 'definitions' must match (annotation?, (simpleType | complexType)?, (unique | key | keyref)*)). A problem was found starting at: attribute.
2024-04-26 12:00:58,485 [INFO] PluginManage:359 - Loaded plugin pinoutconfig (category:base,tabindex:0)
2024-04-26 12:00:58,486 [INFO] PluginManage:310 - Check plugin power
2024-04-26 12:00:58,516 [INFO] PluginManage:359 - Loaded plugin power (category:power,tabindex:4)
2024-04-26 12:00:58,517 [INFO] PluginManage:310 - Check plugin projectmanager
2024-04-26 12:00:58,564 [INFO] PluginManage:359 - Loaded plugin projectmanager (category:projectmanager,tabindex:3)
2024-04-26 12:00:58,565 [INFO] PluginManage:310 - Check plugin thirdparty
2024-04-26 12:00:58,974 [INFO] PluginManage:359 - Loaded plugin thirdparty (category:base,tabindex:-1)
2024-04-26 12:00:58,974 [INFO] PluginManage:310 - Check plugin tools
2024-04-26 12:00:58,985 [WARN] IntegrityCheckThread:84 - waiting for thirdparty lock release [integrity check]
2024-04-26 12:00:58,987 [INFO] IntegrityCheckThread:86 - entering critical section [integrity check]
2024-04-26 12:00:58,985 [INFO] PluginManage:359 - Loaded plugin tools (category:base,tabindex:7)
2024-04-26 12:00:58,988 [INFO] PluginManage:310 - Check plugin tutovideos
2024-04-26 12:00:58,988 [INFO] ThirdPartyUpdaterWithRetryManager:70 - Updater plugin not ready yet. [1/15]
2024-04-26 12:00:59,490 [INFO] PluginManage:359 - Loaded plugin tutovideos (category:base,tabindex:-1)
2024-04-26 12:00:59,490 [INFO] PluginManage:310 - Check plugin updater
2024-04-26 12:00:59,520 [INFO] PluginManage:359 - Loaded plugin updater (category:base,tabindex:12)
2024-04-26 12:00:59,521 [INFO] PluginManage:310 - Check plugin userauth
2024-04-26 12:00:59,535 [INFO] UserAuth:114 - Init User Auth plugin
2024-04-26 12:00:59,535 [INFO] PluginManage:359 - Loaded plugin userauth (category:base,tabindex:14)
2024-04-26 12:00:59,537 [INFO] PluginManage:283 - PluginManage : Loaded plugins [17]
2024-04-26 12:01:00,372 [INFO] PinOutPanel:1499 - setPackage(No Configuration,No Configuration)
2024-04-26 12:01:00,577 [INFO] CADModel:165 - CPN selected for project level
2024-04-26 12:01:00,577 [INFO] CADModel:114 - Register for checkConnection events
2024-04-26 12:01:00,632 [INFO] IPUIPlugin:80 - create IPUIPlugin
2024-04-26 12:01:00,632 [INFO] PluginManager:220 - loadIPPluginJar : add adc
2024-04-26 12:01:00,642 [INFO] IPUIPlugin:80 - create IPUIPlugin
2024-04-26 12:01:00,643 [INFO] PluginManager:220 - loadIPPluginJar : add aes
2024-04-26 12:01:00,660 [INFO] IPUIPlugin:80 - create IPUIPlugin
2024-04-26 12:01:00,660 [INFO] PluginManager:220 - loadIPPluginJar : add can
2024-04-26 12:01:00,690 [INFO] IPUIPlugin:80 - create IPUIPlugin
2024-04-26 12:01:00,690 [INFO] PluginManager:220 - loadIPPluginJar : add comp
2024-04-26 12:01:00,702 [INFO] IPUIPlugin:80 - create IPUIPlugin
2024-04-26 12:01:00,702 [INFO] PluginManager:220 - loadIPPluginJar : add cryp
2024-04-26 12:01:00,712 [INFO] IPUIPlugin:80 - create IPUIPlugin
2024-04-26 12:01:00,713 [INFO] PluginManager:220 - loadIPPluginJar : add dfsdm
2024-04-26 12:01:00,748 [INFO] IPUIPlugin:80 - create IPUIPlugin
2024-04-26 12:01:00,749 [INFO] PluginManager:220 - loadIPPluginJar : add dma
2024-04-26 12:01:00,761 [INFO] IPUIPlugin:80 - create IPUIPlugin
2024-04-26 12:01:00,761 [INFO] PluginManager:220 - loadIPPluginJar : add dma3
2024-04-26 12:01:00,769 [INFO] IPUIPlugin:80 - create IPUIPlugin
2024-04-26 12:01:00,769 [INFO] PluginManager:220 - loadIPPluginJar : add fatfs
2024-04-26 12:01:00,786 [INFO] IPUIPlugin:80 - create IPUIPlugin
2024-04-26 12:01:00,786 [INFO] PluginManager:220 - loadIPPluginJar : add fmc
2024-04-26 12:01:00,909 [INFO] IPUIPlugin:80 - create IPUIPlugin
2024-04-26 12:01:00,910 [INFO] PluginManager:220 - loadIPPluginJar : add freertos
2024-04-26 12:01:00,915 [INFO] IPUIPlugin:80 - create IPUIPlugin
2024-04-26 12:01:00,915 [INFO] PluginManager:220 - loadIPPluginJar : add genericplugin
2024-04-26 12:01:00,928 [INFO] IPUIPlugin:80 - create IPUIPlugin
2024-04-26 12:01:00,930 [INFO] PluginManager:220 - loadIPPluginJar : add gfxmmu
2024-04-26 12:01:00,956 [INFO] IPUIPlugin:80 - create IPUIPlugin
2024-04-26 12:01:00,956 [INFO] PluginManager:220 - loadIPPluginJar : add gic
2024-04-26 12:01:00,994 [INFO] IPUIPlugin:80 - create IPUIPlugin
2024-04-26 12:01:00,994 [INFO] PluginManager:220 - loadIPPluginJar : add gpio
2024-04-26 12:01:01,013 [INFO] IPUIPlugin:80 - create IPUIPlugin
2024-04-26 12:01:01,014 [INFO] PluginManager:220 - loadIPPluginJar : add gtzc
2024-04-26 12:01:01,024 [INFO] IPUIPlugin:80 - create IPUIPlugin
2024-04-26 12:01:01,024 [INFO] PluginManager:220 - loadIPPluginJar : add hash
2024-04-26 12:01:01,043 [INFO] IPUIPlugin:80 - create IPUIPlugin
2024-04-26 12:01:01,043 [INFO] PluginManager:220 - loadIPPluginJar : add i2c
2024-04-26 12:01:01,055 [INFO] IPUIPlugin:80 - create IPUIPlugin
2024-04-26 12:01:01,055 [INFO] PluginManager:220 - loadIPPluginJar : add i2s
2024-04-26 12:01:01,075 [INFO] IPUIPlugin:80 - create IPUIPlugin
2024-04-26 12:01:01,076 [INFO] PluginManager:220 - loadIPPluginJar : add i3c
2024-04-26 12:01:01,092 [INFO] IPUIPlugin:80 - create IPUIPlugin
2024-04-26 12:01:01,092 [INFO] PluginManager:220 - loadIPPluginJar : add ipddr
2024-04-26 12:01:01,118 [INFO] IPUIPlugin:80 - create IPUIPlugin
2024-04-26 12:01:01,118 [INFO] PluginManager:220 - loadIPPluginJar : add linkedlist
2024-04-26 12:01:01,127 [INFO] IPUIPlugin:80 - create IPUIPlugin
2024-04-26 12:01:01,128 [INFO] PluginManager:220 - loadIPPluginJar : add lorawan
2024-04-26 12:01:01,135 [INFO] IPUIPlugin:80 - create IPUIPlugin
2024-04-26 12:01:01,136 [INFO] PluginManager:220 - loadIPPluginJar : add ltdc
2024-04-26 12:01:01,177 [INFO] IPUIPlugin:80 - create IPUIPlugin
2024-04-26 12:01:01,179 [INFO] PluginManager:220 - loadIPPluginJar : add mdma
2024-04-26 12:01:01,211 [INFO] IPUIPlugin:80 - create IPUIPlugin
2024-04-26 12:01:01,211 [INFO] PluginManager:220 - loadIPPluginJar : add nvic
2024-04-26 12:01:01,221 [INFO] IPUIPlugin:80 - create IPUIPlugin
2024-04-26 12:01:01,221 [INFO] PluginManager:220 - loadIPPluginJar : add opamp
2024-04-26 12:01:01,234 [INFO] IPUIPlugin:80 - create IPUIPlugin
2024-04-26 12:01:01,235 [INFO] PluginManager:220 - loadIPPluginJar : add openamp
2024-04-26 12:01:01,245 [INFO] IPUIPlugin:80 - create IPUIPlugin
2024-04-26 12:01:01,245 [INFO] PluginManager:220 - loadIPPluginJar : add pdm2pcm
2024-04-26 12:01:01,272 [INFO] IPUIPlugin:80 - create IPUIPlugin
2024-04-26 12:01:01,276 [INFO] PluginManager:220 - loadIPPluginJar : add plateformsettings
2024-04-26 12:01:01,283 [INFO] IPUIPlugin:80 - create IPUIPlugin
2024-04-26 12:01:01,283 [INFO] PluginManager:220 - loadIPPluginJar : add quadspi
2024-04-26 12:01:01,380 [INFO] IPUIPlugin:80 - create IPUIPlugin
2024-04-26 12:01:01,380 [INFO] PluginManager:220 - loadIPPluginJar : add resmgrutility
2024-04-26 12:01:01,397 [INFO] IPUIPlugin:80 - create IPUIPlugin
2024-04-26 12:01:01,397 [INFO] PluginManager:220 - loadIPPluginJar : add sai
2024-04-26 12:01:01,411 [INFO] IPUIPlugin:80 - create IPUIPlugin
2024-04-26 12:01:01,411 [INFO] PluginManager:220 - loadIPPluginJar : add spi
2024-04-26 12:01:01,439 [INFO] IPUIPlugin:80 - create IPUIPlugin
2024-04-26 12:01:01,439 [INFO] PluginManager:220 - loadIPPluginJar : add stm32_wpan
2024-04-26 12:01:01,447 [INFO] IPUIPlugin:80 - create IPUIPlugin
2024-04-26 12:01:01,448 [INFO] PluginManager:220 - loadIPPluginJar : add tim
2024-04-26 12:01:01,463 [INFO] IPUIPlugin:80 - create IPUIPlugin
2024-04-26 12:01:01,463 [INFO] PluginManager:220 - loadIPPluginJar : add touchsensing
2024-04-26 12:01:01,472 [INFO] IPUIPlugin:80 - create IPUIPlugin
2024-04-26 12:01:01,472 [INFO] PluginManager:220 - loadIPPluginJar : add tracer_emb
2024-04-26 12:01:01,482 [INFO] IPUIPlugin:80 - create IPUIPlugin
2024-04-26 12:01:01,482 [INFO] PluginManager:220 - loadIPPluginJar : add ts
2024-04-26 12:01:01,489 [INFO] IPUIPlugin:80 - create IPUIPlugin
2024-04-26 12:01:01,490 [INFO] PluginManager:220 - loadIPPluginJar : add tsc
2024-04-26 12:01:01,498 [INFO] IPUIPlugin:80 - create IPUIPlugin
2024-04-26 12:01:01,499 [INFO] PluginManager:220 - loadIPPluginJar : add ucpd
2024-04-26 12:01:01,513 [INFO] IPUIPlugin:80 - create IPUIPlugin
2024-04-26 12:01:01,513 [INFO] PluginManager:220 - loadIPPluginJar : add usart
2024-04-26 12:01:01,526 [INFO] IPUIPlugin:80 - create IPUIPlugin
2024-04-26 12:01:01,526 [INFO] PluginManager:220 - loadIPPluginJar : add usbx
2024-04-26 12:01:01,875 [INFO] CADModel:165 - CPN selected for project level
2024-04-26 12:01:01,875 [INFO] CADModel:114 - Register for checkConnection events
2024-04-26 12:01:01,876 [FATAL] Updater:308 - Updater called before beeing initialized
2024-04-26 12:01:01,876 [ERROR] CADModel:125 - Updater not yet initialized, retry later 
2024-04-26 12:01:02,062 [INFO] ThirdPartyUpdaterWithRetryManager:70 - Updater plugin not ready yet. [2/15]
2024-04-26 12:01:02,626 [INFO] CADModel:165 - CPN selected for project level
2024-04-26 12:01:02,627 [INFO] CADModel:114 - Register for checkConnection events
2024-04-26 12:01:02,627 [FATAL] Updater:308 - Updater called before beeing initialized
2024-04-26 12:01:02,627 [ERROR] CADModel:125 - Updater not yet initialized, retry later 
2024-04-26 12:01:02,638 [FATAL] Updater:308 - Updater called before beeing initialized
2024-04-26 12:01:03,111 [FATAL] Updater:308 - Updater called before beeing initialized
2024-04-26 12:01:03,124 [INFO] DbMcusAds:53 - JSON generation date=Wed Nov 29 16:22:27 IST 2023 (1701255147349)
2024-04-26 12:01:03,125 [FATAL] Updater:308 - Updater called before beeing initialized
2024-04-26 12:01:03,514 [WARN] DetailPanel:346 - Failed to get advertising image, set to default
2024-04-26 12:01:04,166 [FATAL] Updater:308 - Updater called before beeing initialized
2024-04-26 12:01:04,171 [FATAL] Updater:308 - Updater called before beeing initialized
2024-04-26 12:01:04,171 [FATAL] Updater:308 - Updater called before beeing initialized
2024-04-26 12:01:04,172 [WARN] DetailPanel:346 - Failed to get advertising image, set to default
2024-04-26 12:01:04,175 [FATAL] Updater:308 - Updater called before beeing initialized
2024-04-26 12:01:04,322 [ERROR] Updater:1120 - MainUpdater not yet initialized. External WinMGr cannot be set.
2024-04-26 12:01:04,327 [INFO] Updater:1056 - Updater Version found : 6.10.0
2024-04-26 12:01:04,380 [INFO] ApplicationProperties:184 - Using Application install path: C:\ST\STM32CubeIDE_1.14.0\STM32CubeIDE\plugins\com.st.stm32cube.common.mx_6.10.0.202311202037
2024-04-26 12:01:05,064 [FATAL] Updater:308 - Updater called before beeing initialized
2024-04-26 12:01:05,065 [ERROR] IntegrityCheckThread:130 - Cannot retrieve database content from updater: error 21
2024-04-26 12:01:05,065 [INFO] ThirdParty:978 - Integrity check success = false
2024-04-26 12:01:05,066 [INFO] IntegrityCheckThread:100 - exiting critical section [integrity check]
2024-04-26 12:01:05,066 [INFO] IntegrityCheckThread:103 - End integrity checks thread
2024-04-26 12:01:05,955 [ERROR] AdobePublisher:162 - Exception while opening the connection: java.net.SocketTimeoutException: Read timed out
2024-04-26 12:01:06,031 [ERROR] LogOutputStream:75 - [STDERR_REDIRECT] Apr 26, 2024 12:01:06 PM java.util.prefs.WindowsPreferences <init>
2024-04-26 12:01:06,038 [ERROR] LogOutputStream:75 - [STDERR_REDIRECT] WARNING: Could not open/create prefs root node Software\JavaSoft\Prefs at root 0xffffffff80000002. Windows RegCreateKeyEx(...) returned error code 5.
2024-04-26 12:01:06,038 [ERROR] LogOutputStream:75 - [STDERR_REDIRECT] 
2024-04-26 12:01:08,143 [INFO] MainUpdater:2873 - connection check result : 10
2024-04-26 12:01:08,146 [INFO] MainUpdater:290 - Updater Check For Update Now.
2024-04-26 12:01:08,147 [INFO] MicroXplorer:498 - Change Database Version : DB.6.0.100
2024-04-26 12:01:08,176 [INFO] McuFinderGlobals:63 - Set McuFinder mode to 2 (CubeIDE integrated)
2024-04-26 12:01:08,352 [INFO] UserAuth:404 - Internet connection configuration mode: 1
2024-04-26 12:01:08,389 [INFO] JxBrowserEngine:152 - Initiate JxBrowser Engine with user profile folder
2024-04-26 12:01:08,569 [INFO] CheckServerUpdateThread:120 - End of CheckServer Thread
2024-04-26 12:01:10,752 [INFO] WebApp:161 - Instantiating new browser for Auth
2024-04-26 12:01:12,012 [INFO] WebApp:780 - Register for checkConnection events
2024-04-26 12:01:12,012 [INFO] WebApp:414 - Apply proxy settings
2024-04-26 12:01:12,013 [INFO] WebApp:499 - Chromium requires no authentication
2024-04-26 12:01:12,030 [INFO] WebApp:442 - Direct internet connection detected
2024-04-26 12:01:12,592 [INFO] WebApp:192 - Starting web application
2024-04-26 12:01:12,592 [INFO] WebApp:544 - Web application path used C:\ST\STM32CubeIDE_1.14.0\STM32CubeIDE\plugins\com.st.stm32cube.common.mx_6.10.0.202311202037\db\plugins\mcufinder\reactClient1\index.html
2024-04-26 12:01:34,517 [ERROR] LogOutputStream:75 - [STDERR_REDIRECT] SLF4J: Failed to load class "org.slf4j.impl.StaticLoggerBinder".
2024-04-26 12:01:34,522 [ERROR] LogOutputStream:75 - [STDERR_REDIRECT] SLF4J: Defaulting to no-operation (NOP) logger implementation
2024-04-26 12:01:34,525 [ERROR] LogOutputStream:75 - [STDERR_REDIRECT] SLF4J: See http://www.slf4j.org/codes.html#StaticLoggerBinder for further details.
