2024-04-22 12:00:37,000 [ERROR] ConfigurationRetriever:142 - IOException on connection: Connect timed out
2024-04-22 13:41:00,269 [ERROR] ConfigurationRetriever:142 - IOException on connection: Connect timed out
2024-04-22 13:41:02,283 [ERROR] ConfigurationRetriever:142 - IOException on connection: Connect timed out
2024-04-22 13:41:04,294 [ERROR] ConfigurationRetriever:142 - IOException on connection: Connect timed out
2024-04-22 22:37:22,248 [INFO] Activator:176 - 


2024-04-22 22:37:22,252 [INFO] Activator:177 - !SESSION log4j initialized
2024-04-22 22:37:36,865 [INFO] LogOutputStream:77 - [STDOUT_REDIRECT] 
2024-04-22 22:37:40,054 [INFO] ApplicationProperties:184 - Using Application install path: C:\ST\STM32CubeIDE_1.14.0\STM32CubeIDE\plugins\com.st.stm32cube.common.mx_6.10.0.202311202037
2024-04-22 22:37:40,098 [INFO] DbMcusXml:78 - Set database path to: C:\ST\STM32CubeIDE_1.14.0\STM32CubeIDE\plugins\com.st.stm32cube.common.mx_6.10.0.202311202037\\db\/mcu/
2024-04-22 22:37:40,099 [INFO] ApiDb:274 - Set plugin database path to: C:\ST\STM32CubeIDE_1.14.0\STM32CubeIDE\plugins\com.st.stm32cube.common.mx_6.10.0.202311202037\\db\/plugins/boardmanager/
2024-04-22 22:37:40,099 [WARN] ApiDb:259 - Overriding images path with different value:  => C:\ST\STM32CubeIDE_1.14.0\STM32CubeIDE\plugins\com.st.stm32cube.common.mx_6.10.0.202311202037\\db\/plugins/mcufinder/images/
2024-04-22 22:37:40,119 [INFO] ApiDb:250 - Set database path to: C:\Users\ABC\.stmcufinder\plugins\mcufinder//mcu/
2024-04-22 22:37:40,121 [INFO] DbMcusAds:125 - Set database path to: C:\Users\ABC\.stmcufinder\plugins\mcufinder//mcu/
2024-04-22 22:37:40,124 [INFO] CrossReferenceDbSqlite:203 - Set database path to: C:\Users\ABC\.stmcufinder\plugins\mcufinder//mcu/cs/
2024-04-22 22:37:40,433 [INFO] RulesReader:64 - Compatibility file has been processed (297 Rules)
2024-04-22 22:37:40,651 [INFO] DbMcusXml:78 - Set database path to: C:\ST\STM32CubeIDE_1.14.0\STM32CubeIDE\plugins\com.st.stm32cube.common.mx_6.10.0.202311202037\\db\/mcu/
2024-04-22 22:37:40,651 [INFO] ApiDb:274 - Set plugin database path to: C:\ST\STM32CubeIDE_1.14.0\STM32CubeIDE\plugins\com.st.stm32cube.common.mx_6.10.0.202311202037\\db\/plugins/boardmanager/
2024-04-22 22:37:40,651 [INFO] ApiDb:261 - Set plugin images path to: C:\ST\STM32CubeIDE_1.14.0\STM32CubeIDE\plugins\com.st.stm32cube.common.mx_6.10.0.202311202037\\db\/plugins/mcufinder/images/
2024-04-22 22:37:40,652 [WARN] DbFile:41 - Overriding database path with different value: C:\Users\ABC\.stmcufinder\plugins\mcufinder/ => C:\Users\ABC\.stmcufinder\plugins\mcufinder
2024-04-22 22:37:40,653 [INFO] ApiDb:250 - Set database path to: C:\Users\ABC\.stmcufinder\plugins\mcufinder//mcu/
2024-04-22 22:37:40,653 [WARN] DbFile:41 - Overriding database path with different value: C:\Users\ABC\.stmcufinder\plugins\mcufinder/ => C:\Users\ABC\.stmcufinder\plugins\mcufinder
2024-04-22 22:37:40,654 [INFO] DbMcusAds:125 - Set database path to: C:\Users\ABC\.stmcufinder\plugins\mcufinder//mcu/
2024-04-22 22:37:40,654 [WARN] DbFile:41 - Overriding database path with different value: C:\Users\ABC\.stmcufinder\plugins\mcufinder/ => C:\Users\ABC\.stmcufinder\plugins\mcufinder
2024-04-22 22:37:40,654 [WARN] DbFile:41 - Overriding database path with different value: C:\Users\ABC\.stmcufinder\plugins\mcufinder/ => C:\Users\ABC\.stmcufinder\plugins\mcufinder
2024-04-22 22:37:40,655 [INFO] CrossReferenceDbSqlite:203 - Set database path to: C:\Users\ABC\.stmcufinder\plugins\mcufinder//mcu/cs/
2024-04-22 22:37:40,935 [INFO] MainPanel:264 - HeapMemory: 268435456
2024-04-22 22:37:41,165 [INFO] DbMcusXml:78 - Set database path to: C:\ST\STM32CubeIDE_1.14.0\STM32CubeIDE\plugins\com.st.stm32cube.common.mx_6.10.0.202311202037\\db\/mcu/
2024-04-22 22:37:41,165 [INFO] ApiDb:274 - Set plugin database path to: C:\ST\STM32CubeIDE_1.14.0\STM32CubeIDE\plugins\com.st.stm32cube.common.mx_6.10.0.202311202037\\db\/plugins/boardmanager/
2024-04-22 22:37:41,165 [INFO] ApiDb:261 - Set plugin images path to: C:\ST\STM32CubeIDE_1.14.0\STM32CubeIDE\plugins\com.st.stm32cube.common.mx_6.10.0.202311202037\\db\/plugins/mcufinder/images/
2024-04-22 22:37:41,166 [WARN] DbFile:41 - Overriding database path with different value: C:\Users\ABC\.stmcufinder\plugins\mcufinder/ => C:\Users\ABC\.stmcufinder\plugins\mcufinder
2024-04-22 22:37:41,167 [INFO] ApiDb:250 - Set database path to: C:\Users\ABC\.stmcufinder\plugins\mcufinder//mcu/
2024-04-22 22:37:41,167 [WARN] DbFile:41 - Overriding database path with different value: C:\Users\ABC\.stmcufinder\plugins\mcufinder/ => C:\Users\ABC\.stmcufinder\plugins\mcufinder
2024-04-22 22:37:41,167 [INFO] DbMcusAds:125 - Set database path to: C:\Users\ABC\.stmcufinder\plugins\mcufinder//mcu/
2024-04-22 22:37:41,167 [WARN] DbFile:41 - Overriding database path with different value: C:\Users\ABC\.stmcufinder\plugins\mcufinder/ => C:\Users\ABC\.stmcufinder\plugins\mcufinder
2024-04-22 22:37:41,167 [WARN] DbFile:41 - Overriding database path with different value: C:\Users\ABC\.stmcufinder\plugins\mcufinder/ => C:\Users\ABC\.stmcufinder\plugins\mcufinder
2024-04-22 22:37:41,168 [INFO] CrossReferenceDbSqlite:203 - Set database path to: C:\Users\ABC\.stmcufinder\plugins\mcufinder//mcu/cs/
2024-04-22 22:37:41,222 [INFO] ApplicationProperties:184 - Using Application install path: C:\ST\STM32CubeIDE_1.14.0\STM32CubeIDE\plugins\com.st.stm32cube.common.mx_6.10.0.202311202037
2024-04-22 22:37:41,225 [INFO] PluginManage:196 - Search for loadable plugins [exclusion list=, ]
2024-04-22 22:37:41,228 [INFO] PluginManage:310 - Check plugin analytics
2024-04-22 22:37:41,824 [INFO] AnalyticsPlugin:253 - Accepted Software Licenses: 
2024-04-22 22:37:41,836 [INFO] AnalyticsPlugin:255 - Accepted CMSIS Pack Licenses: 
2024-04-22 22:37:41,836 [INFO] AnalyticsPlugin:257 - Accepted Firmware Licenses: FW.F4.1.28.0
2024-04-22 22:37:41,842 [INFO] PluginManage:359 - Loaded plugin analytics (category:tool,tabindex:-1)
2024-04-22 22:37:41,843 [INFO] PluginManage:310 - Check plugin cadmodel
2024-04-22 22:37:41,859 [INFO] CADModel:105 - Init CAD model plugin
2024-04-22 22:37:41,860 [INFO] PluginManage:359 - Loaded plugin cadmodel (category:power,tabindex:5)
2024-04-22 22:37:41,860 [INFO] PluginManage:310 - Check plugin clock
2024-04-22 22:37:42,086 [INFO] PluginManage:359 - Loaded plugin clock (category:base,tabindex:2)
2024-04-22 22:37:42,087 [INFO] PluginManage:310 - Check plugin ddr
2024-04-22 22:37:42,092 [INFO] PluginManage:359 - Loaded plugin ddr (category:tool,tabindex:6)
2024-04-22 22:37:42,093 [INFO] PluginManage:310 - Check plugin filemanager
2024-04-22 22:37:42,417 [INFO] PluginManage:359 - Loaded plugin filemanager (category:base,tabindex:10)
2024-04-22 22:37:42,417 [INFO] PluginManage:310 - Check plugin ipmanager
2024-04-22 22:37:42,435 [INFO] PluginManage:359 - Loaded plugin ipmanager (category:base,tabindex:5)
2024-04-22 22:37:42,435 [INFO] PluginManage:310 - Check plugin lpbam
2024-04-22 22:37:42,496 [INFO] PluginManage:359 - Loaded plugin lpbam (category:base,tabindex:0)
2024-04-22 22:37:42,497 [INFO] PluginManage:310 - Check plugin memorymap
2024-04-22 22:37:42,557 [INFO] PluginManage:359 - Loaded plugin memorymap (category:base,tabindex:4)
2024-04-22 22:37:42,557 [INFO] PluginManage:310 - Check plugin pinoutandconfiguration
2024-04-22 22:37:42,662 [INFO] PluginManage:359 - Loaded plugin pinoutandconfiguration (category:base,tabindex:1)
2024-04-22 22:37:42,662 [INFO] PluginManage:310 - Check plugin pinoutconfig
2024-04-22 22:37:43,037 [WARN] SupportedApi:132 - Cannot load RTOS API schema: s4s-elt-must-match.1: The content of 'definitions' must match (annotation?, (simpleType | complexType)?, (unique | key | keyref)*)). A problem was found starting at: attribute.
2024-04-22 22:37:43,358 [INFO] PluginManage:359 - Loaded plugin pinoutconfig (category:base,tabindex:0)
2024-04-22 22:37:43,358 [INFO] PluginManage:310 - Check plugin power
2024-04-22 22:37:43,390 [INFO] PluginManage:359 - Loaded plugin power (category:power,tabindex:4)
2024-04-22 22:37:43,391 [INFO] PluginManage:310 - Check plugin projectmanager
2024-04-22 22:37:43,450 [INFO] PluginManage:359 - Loaded plugin projectmanager (category:projectmanager,tabindex:3)
2024-04-22 22:37:43,450 [INFO] PluginManage:310 - Check plugin thirdparty
2024-04-22 22:37:43,804 [INFO] PluginManage:359 - Loaded plugin thirdparty (category:base,tabindex:-1)
2024-04-22 22:37:43,805 [INFO] PluginManage:310 - Check plugin tools
2024-04-22 22:37:43,816 [INFO] PluginManage:359 - Loaded plugin tools (category:base,tabindex:7)
2024-04-22 22:37:43,817 [INFO] PluginManage:310 - Check plugin tutovideos
2024-04-22 22:37:43,822 [WARN] IntegrityCheckThread:84 - waiting for thirdparty lock release [integrity check]
2024-04-22 22:37:43,847 [INFO] IntegrityCheckThread:86 - entering critical section [integrity check]
2024-04-22 22:37:43,848 [INFO] ThirdPartyUpdaterWithRetryManager:70 - Updater plugin not ready yet. [1/15]
2024-04-22 22:37:44,362 [INFO] PluginManage:359 - Loaded plugin tutovideos (category:base,tabindex:-1)
2024-04-22 22:37:44,363 [INFO] PluginManage:310 - Check plugin updater
2024-04-22 22:37:44,443 [INFO] PluginManage:359 - Loaded plugin updater (category:base,tabindex:12)
2024-04-22 22:37:44,443 [INFO] PluginManage:310 - Check plugin userauth
2024-04-22 22:37:44,456 [INFO] UserAuth:114 - Init User Auth plugin
2024-04-22 22:37:44,459 [INFO] PluginManage:359 - Loaded plugin userauth (category:base,tabindex:14)
2024-04-22 22:37:44,461 [INFO] PluginManage:283 - PluginManage : Loaded plugins [17]
2024-04-22 22:37:45,038 [INFO] PinOutPanel:1499 - setPackage(No Configuration,No Configuration)
2024-04-22 22:37:45,274 [INFO] CADModel:165 - CPN selected for project level
2024-04-22 22:37:45,274 [INFO] CADModel:114 - Register for checkConnection events
2024-04-22 22:37:45,327 [INFO] IPUIPlugin:80 - create IPUIPlugin
2024-04-22 22:37:45,327 [INFO] PluginManager:220 - loadIPPluginJar : add adc
2024-04-22 22:37:45,339 [INFO] IPUIPlugin:80 - create IPUIPlugin
2024-04-22 22:37:45,339 [INFO] PluginManager:220 - loadIPPluginJar : add aes
2024-04-22 22:37:45,351 [INFO] IPUIPlugin:80 - create IPUIPlugin
2024-04-22 22:37:45,352 [INFO] PluginManager:220 - loadIPPluginJar : add can
2024-04-22 22:37:45,359 [INFO] IPUIPlugin:80 - create IPUIPlugin
2024-04-22 22:37:45,359 [INFO] PluginManager:220 - loadIPPluginJar : add comp
2024-04-22 22:37:45,370 [INFO] IPUIPlugin:80 - create IPUIPlugin
2024-04-22 22:37:45,370 [INFO] PluginManager:220 - loadIPPluginJar : add cryp
2024-04-22 22:37:45,380 [INFO] IPUIPlugin:80 - create IPUIPlugin
2024-04-22 22:37:45,381 [INFO] PluginManager:220 - loadIPPluginJar : add dfsdm
2024-04-22 22:37:45,408 [INFO] IPUIPlugin:80 - create IPUIPlugin
2024-04-22 22:37:45,409 [INFO] PluginManager:220 - loadIPPluginJar : add dma
2024-04-22 22:37:45,418 [INFO] IPUIPlugin:80 - create IPUIPlugin
2024-04-22 22:37:45,418 [INFO] PluginManager:220 - loadIPPluginJar : add dma3
2024-04-22 22:37:45,422 [INFO] IPUIPlugin:80 - create IPUIPlugin
2024-04-22 22:37:45,423 [INFO] PluginManager:220 - loadIPPluginJar : add fatfs
2024-04-22 22:37:45,436 [INFO] IPUIPlugin:80 - create IPUIPlugin
2024-04-22 22:37:45,436 [INFO] PluginManager:220 - loadIPPluginJar : add fmc
2024-04-22 22:37:45,524 [INFO] IPUIPlugin:80 - create IPUIPlugin
2024-04-22 22:37:45,524 [INFO] PluginManager:220 - loadIPPluginJar : add freertos
2024-04-22 22:37:45,531 [INFO] IPUIPlugin:80 - create IPUIPlugin
2024-04-22 22:37:45,531 [INFO] PluginManager:220 - loadIPPluginJar : add genericplugin
2024-04-22 22:37:45,542 [INFO] IPUIPlugin:80 - create IPUIPlugin
2024-04-22 22:37:45,543 [INFO] PluginManager:220 - loadIPPluginJar : add gfxmmu
2024-04-22 22:37:45,569 [INFO] IPUIPlugin:80 - create IPUIPlugin
2024-04-22 22:37:45,570 [INFO] PluginManager:220 - loadIPPluginJar : add gic
2024-04-22 22:37:45,600 [INFO] IPUIPlugin:80 - create IPUIPlugin
2024-04-22 22:37:45,601 [INFO] PluginManager:220 - loadIPPluginJar : add gpio
2024-04-22 22:37:45,616 [INFO] IPUIPlugin:80 - create IPUIPlugin
2024-04-22 22:37:45,616 [INFO] PluginManager:220 - loadIPPluginJar : add gtzc
2024-04-22 22:37:45,623 [INFO] IPUIPlugin:80 - create IPUIPlugin
2024-04-22 22:37:45,623 [INFO] PluginManager:220 - loadIPPluginJar : add hash
2024-04-22 22:37:45,634 [INFO] IPUIPlugin:80 - create IPUIPlugin
2024-04-22 22:37:45,635 [INFO] PluginManager:220 - loadIPPluginJar : add i2c
2024-04-22 22:37:45,642 [INFO] IPUIPlugin:80 - create IPUIPlugin
2024-04-22 22:37:45,643 [INFO] PluginManager:220 - loadIPPluginJar : add i2s
2024-04-22 22:37:45,654 [INFO] IPUIPlugin:80 - create IPUIPlugin
2024-04-22 22:37:45,654 [INFO] PluginManager:220 - loadIPPluginJar : add i3c
2024-04-22 22:37:45,671 [INFO] IPUIPlugin:80 - create IPUIPlugin
2024-04-22 22:37:45,671 [INFO] PluginManager:220 - loadIPPluginJar : add ipddr
2024-04-22 22:37:45,690 [INFO] IPUIPlugin:80 - create IPUIPlugin
2024-04-22 22:37:45,690 [INFO] PluginManager:220 - loadIPPluginJar : add linkedlist
2024-04-22 22:37:45,699 [INFO] IPUIPlugin:80 - create IPUIPlugin
2024-04-22 22:37:45,699 [INFO] PluginManager:220 - loadIPPluginJar : add lorawan
2024-04-22 22:37:45,706 [INFO] IPUIPlugin:80 - create IPUIPlugin
2024-04-22 22:37:45,706 [INFO] PluginManager:220 - loadIPPluginJar : add ltdc
2024-04-22 22:37:45,744 [INFO] IPUIPlugin:80 - create IPUIPlugin
2024-04-22 22:37:45,745 [INFO] PluginManager:220 - loadIPPluginJar : add mdma
2024-04-22 22:37:45,784 [INFO] IPUIPlugin:80 - create IPUIPlugin
2024-04-22 22:37:45,784 [INFO] PluginManager:220 - loadIPPluginJar : add nvic
2024-04-22 22:37:45,793 [INFO] IPUIPlugin:80 - create IPUIPlugin
2024-04-22 22:37:45,793 [INFO] PluginManager:220 - loadIPPluginJar : add opamp
2024-04-22 22:37:45,806 [INFO] IPUIPlugin:80 - create IPUIPlugin
2024-04-22 22:37:45,806 [INFO] PluginManager:220 - loadIPPluginJar : add openamp
2024-04-22 22:37:45,816 [INFO] IPUIPlugin:80 - create IPUIPlugin
2024-04-22 22:37:45,817 [INFO] PluginManager:220 - loadIPPluginJar : add pdm2pcm
2024-04-22 22:37:45,845 [INFO] IPUIPlugin:80 - create IPUIPlugin
2024-04-22 22:37:45,851 [INFO] PluginManager:220 - loadIPPluginJar : add plateformsettings
2024-04-22 22:37:45,858 [INFO] IPUIPlugin:80 - create IPUIPlugin
2024-04-22 22:37:45,858 [INFO] PluginManager:220 - loadIPPluginJar : add quadspi
2024-04-22 22:37:46,002 [INFO] IPUIPlugin:80 - create IPUIPlugin
2024-04-22 22:37:46,003 [INFO] PluginManager:220 - loadIPPluginJar : add resmgrutility
2024-04-22 22:37:46,013 [INFO] IPUIPlugin:80 - create IPUIPlugin
2024-04-22 22:37:46,014 [INFO] PluginManager:220 - loadIPPluginJar : add sai
2024-04-22 22:37:46,022 [INFO] IPUIPlugin:80 - create IPUIPlugin
2024-04-22 22:37:46,022 [INFO] PluginManager:220 - loadIPPluginJar : add spi
2024-04-22 22:37:46,037 [INFO] IPUIPlugin:80 - create IPUIPlugin
2024-04-22 22:37:46,038 [INFO] PluginManager:220 - loadIPPluginJar : add stm32_wpan
2024-04-22 22:37:46,044 [INFO] IPUIPlugin:80 - create IPUIPlugin
2024-04-22 22:37:46,045 [INFO] PluginManager:220 - loadIPPluginJar : add tim
2024-04-22 22:37:46,058 [INFO] IPUIPlugin:80 - create IPUIPlugin
2024-04-22 22:37:46,059 [INFO] PluginManager:220 - loadIPPluginJar : add touchsensing
2024-04-22 22:37:46,068 [INFO] IPUIPlugin:80 - create IPUIPlugin
2024-04-22 22:37:46,068 [INFO] PluginManager:220 - loadIPPluginJar : add tracer_emb
2024-04-22 22:37:46,075 [INFO] IPUIPlugin:80 - create IPUIPlugin
2024-04-22 22:37:46,075 [INFO] PluginManager:220 - loadIPPluginJar : add ts
2024-04-22 22:37:46,081 [INFO] IPUIPlugin:80 - create IPUIPlugin
2024-04-22 22:37:46,082 [INFO] PluginManager:220 - loadIPPluginJar : add tsc
2024-04-22 22:37:46,087 [INFO] IPUIPlugin:80 - create IPUIPlugin
2024-04-22 22:37:46,088 [INFO] PluginManager:220 - loadIPPluginJar : add ucpd
2024-04-22 22:37:46,099 [INFO] IPUIPlugin:80 - create IPUIPlugin
2024-04-22 22:37:46,099 [INFO] PluginManager:220 - loadIPPluginJar : add usart
2024-04-22 22:37:46,109 [INFO] IPUIPlugin:80 - create IPUIPlugin
2024-04-22 22:37:46,109 [INFO] PluginManager:220 - loadIPPluginJar : add usbx
2024-04-22 22:37:46,356 [INFO] CADModel:165 - CPN selected for project level
2024-04-22 22:37:46,356 [INFO] CADModel:114 - Register for checkConnection events
2024-04-22 22:37:46,357 [FATAL] Updater:308 - Updater called before beeing initialized
2024-04-22 22:37:46,357 [ERROR] CADModel:125 - Updater not yet initialized, retry later 
2024-04-22 22:37:46,674 [INFO] CADModel:165 - CPN selected for project level
2024-04-22 22:37:46,674 [INFO] CADModel:114 - Register for checkConnection events
2024-04-22 22:37:46,674 [FATAL] Updater:308 - Updater called before beeing initialized
2024-04-22 22:37:46,674 [ERROR] CADModel:125 - Updater not yet initialized, retry later 
2024-04-22 22:37:46,682 [FATAL] Updater:308 - Updater called before beeing initialized
2024-04-22 22:37:46,850 [INFO] ThirdPartyUpdaterWithRetryManager:70 - Updater plugin not ready yet. [2/15]
2024-04-22 22:37:47,110 [FATAL] Updater:308 - Updater called before beeing initialized
2024-04-22 22:37:47,119 [INFO] DbMcusAds:53 - JSON generation date=Wed Nov 29 16:22:27 IST 2023 (1701255147349)
2024-04-22 22:37:47,119 [FATAL] Updater:308 - Updater called before beeing initialized
2024-04-22 22:37:47,227 [WARN] DetailPanel:346 - Failed to get advertising image, set to default
2024-04-22 22:37:47,448 [FATAL] Updater:308 - Updater called before beeing initialized
2024-04-22 22:37:47,453 [FATAL] Updater:308 - Updater called before beeing initialized
2024-04-22 22:37:47,453 [FATAL] Updater:308 - Updater called before beeing initialized
2024-04-22 22:37:47,453 [WARN] DetailPanel:346 - Failed to get advertising image, set to default
2024-04-22 22:37:47,455 [FATAL] Updater:308 - Updater called before beeing initialized
2024-04-22 22:37:47,614 [ERROR] Updater:1120 - MainUpdater not yet initialized. External WinMGr cannot be set.
2024-04-22 22:37:47,621 [INFO] Updater:1056 - Updater Version found : 6.10.0
2024-04-22 22:37:47,669 [INFO] ApplicationProperties:184 - Using Application install path: C:\ST\STM32CubeIDE_1.14.0\STM32CubeIDE\plugins\com.st.stm32cube.common.mx_6.10.0.202311202037
2024-04-22 22:37:49,280 [ERROR] LogOutputStream:75 - [STDERR_REDIRECT] Apr 22, 2024 10:37:49 PM java.util.prefs.WindowsPreferences <init>
2024-04-22 22:37:49,284 [ERROR] LogOutputStream:75 - [STDERR_REDIRECT] WARNING: Could not open/create prefs root node Software\JavaSoft\Prefs at root 0xffffffff80000002. Windows RegCreateKeyEx(...) returned error code 5.
2024-04-22 22:37:49,284 [ERROR] LogOutputStream:75 - [STDERR_REDIRECT] 
2024-04-22 22:37:49,852 [FATAL] Updater:308 - Updater called before beeing initialized
2024-04-22 22:37:49,853 [ERROR] IntegrityCheckThread:130 - Cannot retrieve database content from updater: error 21
2024-04-22 22:37:49,853 [INFO] ThirdParty:978 - Integrity check success = false
2024-04-22 22:37:49,853 [INFO] IntegrityCheckThread:100 - exiting critical section [integrity check]
2024-04-22 22:37:49,854 [INFO] IntegrityCheckThread:103 - End integrity checks thread
2024-04-22 22:37:50,178 [INFO] MainUpdater:2873 - connection check result : 10
2024-04-22 22:37:50,180 [INFO] MainUpdater:290 - Updater Check For Update Now.
2024-04-22 22:37:50,180 [INFO] MicroXplorer:498 - Change Database Version : DB.6.0.100
2024-04-22 22:37:50,195 [INFO] McuFinderGlobals:63 - Set McuFinder mode to 2 (CubeIDE integrated)
2024-04-22 22:37:50,691 [INFO] CheckServerUpdateThread:120 - End of CheckServer Thread
2024-04-22 22:37:51,204 [INFO] UserAuth:404 - Internet connection configuration mode: 1
2024-04-22 22:37:51,250 [INFO] JxBrowserEngine:152 - Initiate JxBrowser Engine with user profile folder
2024-04-22 22:37:54,534 [INFO] WebApp:161 - Instantiating new browser for Auth
2024-04-22 22:37:56,165 [INFO] WebApp:780 - Register for checkConnection events
2024-04-22 22:37:56,165 [INFO] WebApp:414 - Apply proxy settings
2024-04-22 22:37:56,166 [INFO] WebApp:499 - Chromium requires no authentication
2024-04-22 22:37:56,202 [INFO] WebApp:442 - Direct internet connection detected
2024-04-22 22:37:56,591 [INFO] WebApp:192 - Starting web application
2024-04-22 22:37:56,591 [INFO] WebApp:544 - Web application path used C:\ST\STM32CubeIDE_1.14.0\STM32CubeIDE\plugins\com.st.stm32cube.common.mx_6.10.0.202311202037\db\plugins\mcufinder\reactClient1\index.html
2024-04-22 22:38:19,532 [ERROR] LogOutputStream:75 - [STDERR_REDIRECT] SLF4J: Failed to load class "org.slf4j.impl.StaticLoggerBinder".
2024-04-22 22:38:19,537 [ERROR] LogOutputStream:75 - [STDERR_REDIRECT] SLF4J: Defaulting to no-operation (NOP) logger implementation
2024-04-22 22:38:19,542 [ERROR] LogOutputStream:75 - [STDERR_REDIRECT] SLF4J: See http://www.slf4j.org/codes.html#StaticLoggerBinder for further details.
